Using pre-set license
Built from '2020.3/release' branch; Version is '2020.3.7f1 (dd97f2c94397) revision 14522354'; Using compiler version '192528614'; Build Type 'Release'
OS: 'Windows 10 Home China; OS build 19042.1415; Version 2009; 64bit' Language: 'zh' Physical Memory: 8049 MB
BatchMode: 1, IsHumanControllingUs: 0, StartBugReporterOnCrash: 0, Is64bit: 1, IsPro: 0

 COMMAND LINE ARGUMENTS:
D:\Unity Editor\2020.3.7f1\Editor\Unity.exe
-adb2
-batchMode
-noUpm
-name
AssetImportWorker0
-projectPath
C:/Users/Eisuki/Desktop/unity project/Jr-Programmer-Project/Jr-Programmer-Project
-logFile
Logs/AssetImportWorker0.log
-srvPort
14182
Successfully changed project path to: C:/Users/Eisuki/Desktop/unity project/Jr-Programmer-Project/Jr-Programmer-Project
C:/Users/Eisuki/Desktop/unity project/Jr-Programmer-Project/Jr-Programmer-Project
Using Asset Import Pipeline V2.
Refreshing native plugins compatible for Editor in 100.78 ms, found 0 plugins.
Preloading 0 native plugins for Editor in 0.00 ms.
Initialize engine version: 2020.3.7f1 (dd97f2c94397)
[Subsystems] Discovering subsystems at path D:/Unity Editor/2020.3.7f1/Editor/Data/Resources/UnitySubsystems
[Subsystems] Discovering subsystems at path C:/Users/Eisuki/Desktop/unity project/Jr-Programmer-Project/Jr-Programmer-Project/Assets
GfxDevice: creating device client; threaded=0
Direct3D:
    Version:  Direct3D 11.0 [level 11.1]
    Renderer: NVIDIA GeForce MX150 (ID=0x1d10)
    Vendor:   
    VRAM:     1983 MB
    Driver:   30.0.14.7212
Shader 'Universal Render Pipeline/Particles/Lit': fallback shader 'Universal Render Pipeline/Particles/SimpleLit' not found
Initialize mono
Mono path[0] = 'D:/Unity Editor/2020.3.7f1/Editor/Data/Managed'
Mono path[1] = 'D:/Unity Editor/2020.3.7f1/Editor/Data/MonoBleedingEdge/lib/mono/unityjit'
Mono config path = 'D:/Unity Editor/2020.3.7f1/Editor/Data/MonoBleedingEdge/etc'
Using monoOptions --debugger-agent=transport=dt_socket,embedding=1,server=y,suspend=n,address=127.0.0.1:56708
Begin MonoManager ReloadAssembly
Registering precompiled unity dll's ...
Register platform support module: D:/Unity Editor/2020.3.7f1/Editor/Data/PlaybackEngines/WebGLSupport/UnityEditor.WebGL.Extensions.dll
Register platform support module: D:/Unity Editor/2020.3.7f1/Editor/Data/PlaybackEngines/WindowsStandaloneSupport/UnityEditor.WindowsStandalone.Extensions.dll
Registered in 0.014150 seconds.
Native extension for WindowsStandalone target not found
Native extension for WebGL target not found
Refreshing native plugins compatible for Editor in 78.47 ms, found 0 plugins.
Preloading 0 native plugins for Editor in 0.00 ms.
Mono: successfully reloaded assembly
- Completed reload, in  3.182 seconds
Platform modules already initialized, skipping
Registering precompiled user dll's ...
Registered in 0.007293 seconds.
Begin MonoManager ReloadAssembly
Native extension for WindowsStandalone target not found
Native extension for WebGL target not found
Refreshing native plugins compatible for Editor in 134.14 ms, found 0 plugins.
Preloading 0 native plugins for Editor in 0.00 ms.
Mono: successfully reloaded assembly
- Completed reload, in  4.091 seconds
Platform modules already initialized, skipping
========================================================================
Worker process is ready to serve import requests
Shader 'Universal Render Pipeline/Particles/Lit': fallback shader 'Universal Render Pipeline/Particles/SimpleLit' not found
Launched and connected shader compiler UnityShaderCompiler.exe after 0.16 seconds
Refreshing native plugins compatible for Editor in 1.32 ms, found 0 plugins.
Preloading 0 native plugins for Editor in 0.00 ms.
Unloading 2468 Unused Serialized files (Serialized files now loaded: 0)
System memory in use before: 118.7 MB.
System memory in use after: 118.9 MB.

Unloading 10 unused Assets to reduce memory usage. Loaded Objects now: 2914.
Total: 6.889400 ms (FindLiveObjects: 0.556700 ms CreateObjectMapping: 0.250700 ms MarkObjects: 5.867100 ms  DeleteObjects: 0.210700 ms)

========================================================================
Received Import Request.
  path: Assets/Scripts/UserControl.cs
  artifactKey: Guid(199e5487dc20dbe4b906a0f91f07d50e) Importer(815301076,1909f56bfc062723c751e8b465ee728b)
Start importing Assets/Scripts/UserControl.cs using Guid(199e5487dc20dbe4b906a0f91f07d50e) Importer(815301076,1909f56bfc062723c751e8b465ee728b)  -> (artifact id: '0b93c342f9abcfd800a60a6e2e168cff') in 0.182069 seconds
  Import took 0.200874 seconds .

========================================================================
Received Import Request.
  Time since last request: 311.317413 seconds.
  path: Assets/Scripts/UserControl.cs
  artifactKey: Guid(199e5487dc20dbe4b906a0f91f07d50e) Importer(815301076,1909f56bfc062723c751e8b465ee728b)
Start importing Assets/Scripts/UserControl.cs using Guid(199e5487dc20dbe4b906a0f91f07d50e) Importer(815301076,1909f56bfc062723c751e8b465ee728b)  -> (artifact id: '7794e27b90967de9dbd17b361181bb5e') in 0.007189 seconds
  Import took 0.015506 seconds .

========================================================================
Received Prepare
Registering precompiled user dll's ...
Registered in 0.004164 seconds.
Begin MonoManager ReloadAssembly
Native extension for WindowsStandalone target not found
Native extension for WebGL target not found
Refreshing native plugins compatible for Editor in 0.55 ms, found 0 plugins.
Preloading 0 native plugins for Editor in 0.00 ms.
Mono: successfully reloaded assembly
- Completed reload, in  1.450 seconds
Platform modules already initialized, skipping
Shader 'Universal Render Pipeline/Particles/Lit': fallback shader 'Universal Render Pipeline/Particles/SimpleLit' not found
Refreshing native plugins compatible for Editor in 0.63 ms, found 0 plugins.
Preloading 0 native plugins for Editor in 0.00 ms.
Unloading 2359 Unused Serialized files (Serialized files now loaded: 0)
System memory in use before: 111.8 MB.
System memory in use after: 112.0 MB.

Unloading 5 unused Assets to reduce memory usage. Loaded Objects now: 2917.
Total: 3.271900 ms (FindLiveObjects: 0.563900 ms CreateObjectMapping: 0.286700 ms MarkObjects: 2.386200 ms  DeleteObjects: 0.033500 ms)

========================================================================
Received Prepare
Registering precompiled user dll's ...
Registered in 0.004128 seconds.
Begin MonoManager ReloadAssembly
Native extension for WindowsStandalone target not found
Native extension for WebGL target not found
Refreshing native plugins compatible for Editor in 0.45 ms, found 0 plugins.
Preloading 0 native plugins for Editor in 0.00 ms.
Mono: successfully reloaded assembly
- Completed reload, in  1.280 seconds
Platform modules already initialized, skipping
Shader 'Universal Render Pipeline/Particles/Lit': fallback shader 'Universal Render Pipeline/Particles/SimpleLit' not found
Refreshing native plugins compatible for Editor in 0.43 ms, found 0 plugins.
Preloading 0 native plugins for Editor in 0.00 ms.
Unloading 2359 Unused Serialized files (Serialized files now loaded: 0)
System memory in use before: 111.9 MB.
System memory in use after: 112.1 MB.

Unloading 5 unused Assets to reduce memory usage. Loaded Objects now: 2920.
Total: 4.050400 ms (FindLiveObjects: 0.799900 ms CreateObjectMapping: 0.215700 ms MarkObjects: 2.974800 ms  DeleteObjects: 0.056800 ms)

========================================================================
Received Import Request.
  Time since last request: 194.835042 seconds.
  path: Assets/Scripts/UserControl.cs
  artifactKey: Guid(199e5487dc20dbe4b906a0f91f07d50e) Importer(815301076,1909f56bfc062723c751e8b465ee728b)
Start importing Assets/Scripts/UserControl.cs using Guid(199e5487dc20dbe4b906a0f91f07d50e) Importer(815301076,1909f56bfc062723c751e8b465ee728b)  -> (artifact id: '3329bc226d9488be3f7ef543a20e89ed') in 0.010040 seconds
  Import took 0.017162 seconds .

========================================================================
Received Prepare
Registering precompiled user dll's ...
Registered in 0.006998 seconds.
Begin MonoManager ReloadAssembly
Native extension for WindowsStandalone target not found
Native extension for WebGL target not found
Refreshing native plugins compatible for Editor in 1.36 ms, found 0 plugins.
Preloading 0 native plugins for Editor in 0.00 ms.
Mono: successfully reloaded assembly
- Completed reload, in  2.907 seconds
Platform modules already initialized, skipping
Shader 'Universal Render Pipeline/Particles/Lit': fallback shader 'Universal Render Pipeline/Particles/SimpleLit' not found
Refreshing native plugins compatible for Editor in 0.65 ms, found 0 plugins.
Preloading 0 native plugins for Editor in 0.00 ms.
Unloading 2359 Unused Serialized files (Serialized files now loaded: 0)
System memory in use before: 111.9 MB.
System memory in use after: 112.1 MB.

Unloading 5 unused Assets to reduce memory usage. Loaded Objects now: 2923.
Total: 6.195200 ms (FindLiveObjects: 1.232000 ms CreateObjectMapping: 0.473400 ms MarkObjects: 4.434000 ms  DeleteObjects: 0.052400 ms)

========================================================================
Received Prepare
Registering precompiled user dll's ...
Registered in 0.005180 seconds.
Begin MonoManager ReloadAssembly
Native extension for WindowsStandalone target not found
Native extension for WebGL target not found
Refreshing native plugins compatible for Editor in 0.62 ms, found 0 plugins.
Preloading 0 native plugins for Editor in 0.00 ms.
Mono: successfully reloaded assembly
- Completed reload, in  2.667 seconds
Platform modules already initialized, skipping
Shader 'Universal Render Pipeline/Particles/Lit': fallback shader 'Universal Render Pipeline/Particles/SimpleLit' not found
Refreshing native plugins compatible for Editor in 0.88 ms, found 0 plugins.
Preloading 0 native plugins for Editor in 0.00 ms.
Unloading 2359 Unused Serialized files (Serialized files now loaded: 0)
System memory in use before: 112.0 MB.
System memory in use after: 112.2 MB.

Unloading 5 unused Assets to reduce memory usage. Loaded Objects now: 2926.
Total: 8.971000 ms (FindLiveObjects: 1.578200 ms CreateObjectMapping: 0.626800 ms MarkObjects: 6.718900 ms  DeleteObjects: 0.043700 ms)

========================================================================
Received Import Request.
  Time since last request: 763.943910 seconds.
  path: Assets/Material/Base.mat
  artifactKey: Guid(8d2f2c95f80bc904ba139481e00e1481) Importer(815301076,1909f56bfc062723c751e8b465ee728b)
Start importing Assets/Material/Base.mat using Guid(8d2f2c95f80bc904ba139481e00e1481) Importer(815301076,1909f56bfc062723c751e8b465ee728b)  -> (artifact id: '371735195cc695f2e73314d9a0b649ce') in 0.911616 seconds
  Import took 0.918167 seconds .

========================================================================
Received Import Request.
  Time since last request: 0.000329 seconds.
  path: Assets/Material/Ground.mat
  artifactKey: Guid(7edb32c6af4b96542aa5265a58a22981) Importer(815301076,1909f56bfc062723c751e8b465ee728b)
Start importing Assets/Material/Ground.mat using Guid(7edb32c6af4b96542aa5265a58a22981) Importer(815301076,1909f56bfc062723c751e8b465ee728b)  -> (artifact id: '8fdea43fdc56feaaee16c6730af26a09') in 0.022400 seconds
  Import took 0.027795 seconds .

========================================================================
Received Import Request.
  Time since last request: 0.000320 seconds.
  path: Assets/Material/TheMaterial.mat
  artifactKey: Guid(f4c8a23267bd4fa429c38f0fd9924bdf) Importer(815301076,1909f56bfc062723c751e8b465ee728b)
Start importing Assets/Material/TheMaterial.mat using Guid(f4c8a23267bd4fa429c38f0fd9924bdf) Importer(815301076,1909f56bfc062723c751e8b465ee728b)  -> (artifact id: '1c5c5ccf23c13783eef117b5b4082aac') in 0.064511 seconds
  Import took 0.070957 seconds .

========================================================================
Received Import Request.
  Time since last request: 0.000294 seconds.
  path: Assets/Material/Resource2.mat
  artifactKey: Guid(4956b8e934afb5b4e8d2a494e6d067af) Importer(815301076,1909f56bfc062723c751e8b465ee728b)
Start importing Assets/Material/Resource2.mat using Guid(4956b8e934afb5b4e8d2a494e6d067af) Importer(815301076,1909f56bfc062723c751e8b465ee728b)  -> (artifact id: '4df8923c6fb450503b52a6042a0fa342') in 0.023165 seconds
  Import took 0.029991 seconds .

========================================================================
Received Import Request.
  Time since last request: 0.000389 seconds.
  path: Assets/Material/Resource1.mat
  artifactKey: Guid(5270aeae373c7b14bab22e88c81a8a7b) Importer(815301076,1909f56bfc062723c751e8b465ee728b)
Start importing Assets/Material/Resource1.mat using Guid(5270aeae373c7b14bab22e88c81a8a7b) Importer(815301076,1909f56bfc062723c751e8b465ee728b)  -> (artifact id: '94d4ec1ff1241f280cb3b50baec31a0a') in 0.026536 seconds
  Import took 0.033899 seconds .

========================================================================
Received Import Request.
  Time since last request: 0.330837 seconds.
  path: Assets/Data/BoxResource.asset
  artifactKey: Guid(e33426cca62239f4f9d376e16e5ecb0c) Importer(815301076,1909f56bfc062723c751e8b465ee728b)
Start importing Assets/Data/BoxResource.asset using Guid(e33426cca62239f4f9d376e16e5ecb0c) Importer(815301076,1909f56bfc062723c751e8b465ee728b)  -> (artifact id: '01df34c58d34b1b457af11e97272bf71') in 0.017013 seconds
  Import took 0.021931 seconds .

========================================================================
Received Import Request.
  Time since last request: 0.000376 seconds.
  path: Assets/Data/CylinderResource.asset
  artifactKey: Guid(4d05ee76fded8d8498e3f674935c4def) Importer(815301076,1909f56bfc062723c751e8b465ee728b)
Start importing Assets/Data/CylinderResource.asset using Guid(4d05ee76fded8d8498e3f674935c4def) Importer(815301076,1909f56bfc062723c751e8b465ee728b)  -> (artifact id: 'd9701e8506fc8e579ed7508b9712d5eb') in 0.011723 seconds
  Import took 0.017723 seconds .

========================================================================
Received Import Request.
  Time since last request: 0.000407 seconds.
  path: Assets/Data/ResourcesDatabase.asset
  artifactKey: Guid(eac40d5a11488c94dbf95ec31bbd2122) Importer(815301076,1909f56bfc062723c751e8b465ee728b)
Start importing Assets/Data/ResourcesDatabase.asset using Guid(eac40d5a11488c94dbf95ec31bbd2122) Importer(815301076,1909f56bfc062723c751e8b465ee728b)  -> (artifact id: '4219758576cbe8aa9a3d20ca4b22d7cb') in 0.016043 seconds
  Import took 0.021260 seconds .

========================================================================
Received Import Request.
  Time since last request: 0.552387 seconds.
  path: Assets/Prefabs/ProductivityUnit.prefab
  artifactKey: Guid(16dd4f9b087d73f4096a0216d9dab6ab) Importer(815301076,1909f56bfc062723c751e8b465ee728b)
Start importing Assets/Prefabs/ProductivityUnit.prefab using Guid(16dd4f9b087d73f4096a0216d9dab6ab) Importer(815301076,1909f56bfc062723c751e8b465ee728b)  -> (artifact id: '8f9d9e33ce76af6f2b4322c66d2ae827') in 0.209210 seconds
  Import took 0.213866 seconds .

========================================================================
Received Import Request.
  Time since last request: 0.000391 seconds.
  path: Assets/Prefabs/TransporterUnit.prefab
  artifactKey: Guid(2a70994ccfb8c10458381d3fb3626547) Importer(815301076,1909f56bfc062723c751e8b465ee728b)
Start importing Assets/Prefabs/TransporterUnit.prefab using Guid(2a70994ccfb8c10458381d3fb3626547) Importer(815301076,1909f56bfc062723c751e8b465ee728b)  -> (artifact id: '0791454c9b2ece1eba9896d44c3b5a61') in 0.029403 seconds
  Import took 0.034876 seconds .

========================================================================
Received Import Request.
  Time since last request: 0.006589 seconds.
  path: Assets/Prefabs/TransporterUnit.prefab
  artifactKey: Guid(2a70994ccfb8c10458381d3fb3626547) Importer(815301076,1909f56bfc062723c751e8b465ee728b)
Start importing Assets/Prefabs/TransporterUnit.prefab using Guid(2a70994ccfb8c10458381d3fb3626547) Importer(815301076,1909f56bfc062723c751e8b465ee728b)  -> (artifact id: '0791454c9b2ece1eba9896d44c3b5a61') in 0.025457 seconds
  Import took 0.032169 seconds .

========================================================================
Received Import Request.
  Time since last request: 134.515849 seconds.
  path: Assets/Scripts/ProductivityUnit.cs
  artifactKey: Guid(cb2887daac4724242870973b55190f88) Importer(815301076,1909f56bfc062723c751e8b465ee728b)
Start importing Assets/Scripts/ProductivityUnit.cs using Guid(cb2887daac4724242870973b55190f88) Importer(815301076,1909f56bfc062723c751e8b465ee728b)  -> (artifact id: '6a841f58f72504a7b5bf8954b83df2e7') in 0.014860 seconds
  Import took 0.028381 seconds .

========================================================================
Received Prepare
Registering precompiled user dll's ...
Registered in 0.007014 seconds.
Begin MonoManager ReloadAssembly
Native extension for WindowsStandalone target not found
Native extension for WebGL target not found
Refreshing native plugins compatible for Editor in 0.69 ms, found 0 plugins.
Preloading 0 native plugins for Editor in 0.00 ms.
Mono: successfully reloaded assembly
- Completed reload, in  2.943 seconds
Platform modules already initialized, skipping
Shader 'Universal Render Pipeline/Particles/Lit': fallback shader 'Universal Render Pipeline/Particles/SimpleLit' not found
Refreshing native plugins compatible for Editor in 0.56 ms, found 0 plugins.
Preloading 0 native plugins for Editor in 0.00 ms.
Unloading 2360 Unused Serialized files (Serialized files now loaded: 0)
System memory in use before: 131.0 MB.
System memory in use after: 131.2 MB.

Unloading 5 unused Assets to reduce memory usage. Loaded Objects now: 3009.
Total: 7.038500 ms (FindLiveObjects: 0.882600 ms CreateObjectMapping: 0.381500 ms MarkObjects: 5.730000 ms  DeleteObjects: 0.040600 ms)

========================================================================
Received Prepare
Registering precompiled user dll's ...
Registered in 0.006343 seconds.
Begin MonoManager ReloadAssembly
Native extension for WindowsStandalone target not found
Native extension for WebGL target not found
Refreshing native plugins compatible for Editor in 0.63 ms, found 0 plugins.
Preloading 0 native plugins for Editor in 0.00 ms.
Mono: successfully reloaded assembly
- Completed reload, in  2.285 seconds
Platform modules already initialized, skipping
Shader 'Universal Render Pipeline/Particles/Lit': fallback shader 'Universal Render Pipeline/Particles/SimpleLit' not found
Refreshing native plugins compatible for Editor in 0.62 ms, found 0 plugins.
Preloading 0 native plugins for Editor in 0.00 ms.
Unloading 2360 Unused Serialized files (Serialized files now loaded: 0)
System memory in use before: 131.1 MB.
System memory in use after: 131.3 MB.

Unloading 5 unused Assets to reduce memory usage. Loaded Objects now: 3012.
Total: 4.100700 ms (FindLiveObjects: 0.555900 ms CreateObjectMapping: 0.264600 ms MarkObjects: 3.242800 ms  DeleteObjects: 0.035200 ms)

========================================================================
Received Prepare
Registering precompiled user dll's ...
Registered in 0.004042 seconds.
Begin MonoManager ReloadAssembly
Native extension for WindowsStandalone target not found
Native extension for WebGL target not found
Refreshing native plugins compatible for Editor in 0.61 ms, found 0 plugins.
Preloading 0 native plugins for Editor in 0.00 ms.
Mono: successfully reloaded assembly
- Completed reload, in  2.142 seconds
Platform modules already initialized, skipping
Shader 'Universal Render Pipeline/Particles/Lit': fallback shader 'Universal Render Pipeline/Particles/SimpleLit' not found
Refreshing native plugins compatible for Editor in 0.56 ms, found 0 plugins.
Preloading 0 native plugins for Editor in 0.00 ms.
Unloading 2360 Unused Serialized files (Serialized files now loaded: 0)
System memory in use before: 131.1 MB.
System memory in use after: 131.4 MB.

Unloading 5 unused Assets to reduce memory usage. Loaded Objects now: 3015.
Total: 5.634600 ms (FindLiveObjects: 0.661000 ms CreateObjectMapping: 0.273900 ms MarkObjects: 4.663500 ms  DeleteObjects: 0.033200 ms)

========================================================================
Received Import Request.
  Time since last request: 361.014193 seconds.
  path: Assets/Prefabs/ProductivityUnit.prefab
  artifactKey: Guid(16dd4f9b087d73f4096a0216d9dab6ab) Importer(815301076,1909f56bfc062723c751e8b465ee728b)
Start importing Assets/Prefabs/ProductivityUnit.prefab using Guid(16dd4f9b087d73f4096a0216d9dab6ab) Importer(815301076,1909f56bfc062723c751e8b465ee728b)  -> (artifact id: '6b0ed9c6bb5f4e0bf6afa43013741b45') in 0.213207 seconds
  Import took 0.218662 seconds .

========================================================================
Received Prepare
Registering precompiled user dll's ...
Registered in 0.005305 seconds.
Begin MonoManager ReloadAssembly
Native extension for WindowsStandalone target not found
Native extension for WebGL target not found
Refreshing native plugins compatible for Editor in 0.57 ms, found 0 plugins.
Preloading 0 native plugins for Editor in 0.00 ms.
Mono: successfully reloaded assembly
- Completed reload, in  2.172 seconds
Platform modules already initialized, skipping
Shader 'Universal Render Pipeline/Particles/Lit': fallback shader 'Universal Render Pipeline/Particles/SimpleLit' not found
Refreshing native plugins compatible for Editor in 0.60 ms, found 0 plugins.
Preloading 0 native plugins for Editor in 0.00 ms.
Unloading 2360 Unused Serialized files (Serialized files now loaded: 0)
System memory in use before: 131.3 MB.
System memory in use after: 131.5 MB.

Unloading 5 unused Assets to reduce memory usage. Loaded Objects now: 3054.
Total: 3.947800 ms (FindLiveObjects: 0.449900 ms CreateObjectMapping: 0.183500 ms MarkObjects: 3.287300 ms  DeleteObjects: 0.025200 ms)

========================================================================
Received Import Request.
  Time since last request: 449.573090 seconds.
  path: Assets/Prefabs/ProductivityUnit.prefab
  artifactKey: Guid(16dd4f9b087d73f4096a0216d9dab6ab) Importer(815301076,1909f56bfc062723c751e8b465ee728b)
Start importing Assets/Prefabs/ProductivityUnit.prefab using Guid(16dd4f9b087d73f4096a0216d9dab6ab) Importer(815301076,1909f56bfc062723c751e8b465ee728b)  -> (artifact id: '1abad06faf050289aed6c9944d0c96ba') in 0.298649 seconds
  Import took 0.307597 seconds .

========================================================================
Received Import Request.
  Time since last request: 1.317874 seconds.
  path: Assets/Prefabs/ProductivityUnit.prefab
  artifactKey: Guid(16dd4f9b087d73f4096a0216d9dab6ab) Importer(815301076,1909f56bfc062723c751e8b465ee728b)
Start importing Assets/Prefabs/ProductivityUnit.prefab using Guid(16dd4f9b087d73f4096a0216d9dab6ab) Importer(815301076,1909f56bfc062723c751e8b465ee728b)  -> (artifact id: '1abad06faf050289aed6c9944d0c96ba') in 0.041970 seconds
  Import took 0.049006 seconds .

========================================================================
Received Prepare
Registering precompiled user dll's ...
Registered in 0.006052 seconds.
Begin MonoManager ReloadAssembly
Native extension for WindowsStandalone target not found
Native extension for WebGL target not found
Refreshing native plugins compatible for Editor in 0.57 ms, found 0 plugins.
Preloading 0 native plugins for Editor in 0.00 ms.
Mono: successfully reloaded assembly
- Completed reload, in  2.072 seconds
Platform modules already initialized, skipping
Shader 'Universal Render Pipeline/Particles/Lit': fallback shader 'Universal Render Pipeline/Particles/SimpleLit' not found
Refreshing native plugins compatible for Editor in 0.58 ms, found 0 plugins.
Preloading 0 native plugins for Editor in 0.00 ms.
Unloading 2360 Unused Serialized files (Serialized files now loaded: 0)
System memory in use before: 131.5 MB.
System memory in use after: 131.7 MB.

Unloading 5 unused Assets to reduce memory usage. Loaded Objects now: 3098.
Total: 5.474200 ms (FindLiveObjects: 1.094100 ms CreateObjectMapping: 0.376600 ms MarkObjects: 3.968600 ms  DeleteObjects: 0.032400 ms)

========================================================================
Received Prepare
Registering precompiled user dll's ...
Registered in 0.004056 seconds.
Begin MonoManager ReloadAssembly
Native extension for WindowsStandalone target not found
Native extension for WebGL target not found
Refreshing native plugins compatible for Editor in 0.70 ms, found 0 plugins.
Preloading 0 native plugins for Editor in 0.00 ms.
Mono: successfully reloaded assembly
- Completed reload, in  1.898 seconds
Platform modules already initialized, skipping
Shader 'Universal Render Pipeline/Particles/Lit': fallback shader 'Universal Render Pipeline/Particles/SimpleLit' not found
Refreshing native plugins compatible for Editor in 0.51 ms, found 0 plugins.
Preloading 0 native plugins for Editor in 0.00 ms.
Unloading 2360 Unused Serialized files (Serialized files now loaded: 0)
System memory in use before: 131.4 MB.
System memory in use after: 131.6 MB.

Unloading 5 unused Assets to reduce memory usage. Loaded Objects now: 3101.
Total: 4.865400 ms (FindLiveObjects: 0.671900 ms CreateObjectMapping: 0.261200 ms MarkObjects: 3.899900 ms  DeleteObjects: 0.029800 ms)

========================================================================
Received Import Request.
  Time since last request: 1291.718956 seconds.
  path: Assets/Scripts/ResourcePile.cs
  artifactKey: Guid(0c73ebf095b3f9a4e8ed3d2eb5aa367a) Importer(815301076,1909f56bfc062723c751e8b465ee728b)
Start importing Assets/Scripts/ResourcePile.cs using Guid(0c73ebf095b3f9a4e8ed3d2eb5aa367a) Importer(815301076,1909f56bfc062723c751e8b465ee728b)  -> (artifact id: '1d23edcd14589cc4e8979c2acf11670f') in 0.012918 seconds
  Import took 0.017688 seconds .

========================================================================
Received Import Request.
  Time since last request: 0.621657 seconds.
  path: Assets/Scripts/ResourcePile.cs
  artifactKey: Guid(0c73ebf095b3f9a4e8ed3d2eb5aa367a) Importer(815301076,1909f56bfc062723c751e8b465ee728b)
Start importing Assets/Scripts/ResourcePile.cs using Guid(0c73ebf095b3f9a4e8ed3d2eb5aa367a) Importer(815301076,1909f56bfc062723c751e8b465ee728b)  -> (artifact id: '1d23edcd14589cc4e8979c2acf11670f') in 0.007219 seconds
  Import took 0.012502 seconds .

========================================================================
Received Prepare
Registering precompiled user dll's ...
Registered in 0.007217 seconds.
Begin MonoManager ReloadAssembly
Native extension for WindowsStandalone target not found
Native extension for WebGL target not found
Refreshing native plugins compatible for Editor in 0.56 ms, found 0 plugins.
Preloading 0 native plugins for Editor in 0.00 ms.
Mono: successfully reloaded assembly
- Completed reload, in  2.116 seconds
Platform modules already initialized, skipping
Shader 'Universal Render Pipeline/Particles/Lit': fallback shader 'Universal Render Pipeline/Particles/SimpleLit' not found
Refreshing native plugins compatible for Editor in 0.52 ms, found 0 plugins.
Preloading 0 native plugins for Editor in 0.00 ms.
Unloading 2360 Unused Serialized files (Serialized files now loaded: 0)
System memory in use before: 131.5 MB.
System memory in use after: 131.8 MB.

Unloading 5 unused Assets to reduce memory usage. Loaded Objects now: 3104.
Total: 4.285900 ms (FindLiveObjects: 0.455600 ms CreateObjectMapping: 0.328200 ms MarkObjects: 3.468700 ms  DeleteObjects: 0.030000 ms)

========================================================================
Received Import Request.
  Time since last request: 908.758452 seconds.
  path: Assets/Scripts/ResourcePile.cs
  artifactKey: Guid(0c73ebf095b3f9a4e8ed3d2eb5aa367a) Importer(815301076,1909f56bfc062723c751e8b465ee728b)
Start importing Assets/Scripts/ResourcePile.cs using Guid(0c73ebf095b3f9a4e8ed3d2eb5aa367a) Importer(815301076,1909f56bfc062723c751e8b465ee728b)  -> (artifact id: '698ab4bd28ee7e909d2deac4af882916') in 0.012699 seconds
  Import took 0.018558 seconds .

========================================================================
Received Import Request.
  Time since last request: 189.983612 seconds.
  path: Assets/Optimization/Scenes
  artifactKey: Guid(889d7149e71f26648ac71507009f0e77) Importer(815301076,1909f56bfc062723c751e8b465ee728b)
Start importing Assets/Optimization/Scenes using Guid(889d7149e71f26648ac71507009f0e77) Importer(815301076,1909f56bfc062723c751e8b465ee728b)  -> (artifact id: '60cca611326169533e9226f575926cbd') in 0.009753 seconds
  Import took 0.016369 seconds .

AssetImportWorkerClient::OnTransportError - code=2 error=End of file
